c:\users\mizunoha\riderprojects\solaria\solaria\x64\release\vc143.pdb
c:\users\mizunoha\riderprojects\solaria\solaria\x64\release\grid.obj
c:\users\mizunoha\riderprojects\solaria\solaria\x64\release\flyingenemy.obj
c:\users\mizunoha\riderprojects\solaria\solaria\x64\release\entity.obj
c:\users\mizunoha\riderprojects\solaria\solaria\x64\release\ennemi.obj
c:\users\mizunoha\riderprojects\solaria\solaria\x64\release\undergroundtileupright.obj
c:\users\mizunoha\riderprojects\solaria\solaria\x64\release\undergroundtileupleft.obj
c:\users\mizunoha\riderprojects\solaria\solaria\x64\release\undergroundtileup.obj
c:\users\mizunoha\riderprojects\solaria\solaria\x64\release\undergroundtileright.obj
c:\users\mizunoha\riderprojects\solaria\solaria\x64\release\undergroundtileleft.obj
c:\users\mizunoha\riderprojects\solaria\solaria\x64\release\undergroundtiledownright.obj
c:\users\mizunoha\riderprojects\solaria\solaria\x64\release\undergroundtiledownleft.obj
c:\users\mizunoha\riderprojects\solaria\solaria\x64\release\undergroundtiledown.obj
c:\users\mizunoha\riderprojects\solaria\solaria\x64\release\undergroundtile3up.obj
c:\users\mizunoha\riderprojects\solaria\solaria\x64\release\undergroundtile3right.obj
c:\users\mizunoha\riderprojects\solaria\solaria\x64\release\undergroundtile3left.obj
c:\users\mizunoha\riderprojects\solaria\solaria\x64\release\undergroundtile3down.obj
c:\users\mizunoha\riderprojects\solaria\solaria\x64\release\tiles.obj
c:\users\mizunoha\riderprojects\solaria\solaria\x64\release\groundtile.obj
c:\users\mizunoha\riderprojects\solaria\solaria\x64\release\dirttile.obj
c:\users\mizunoha\riderprojects\solaria\solaria\x64\release\button.obj
c:\users\mizunoha\riderprojects\solaria\solaria\x64\release\winitem.obj
c:\users\mizunoha\riderprojects\solaria\solaria\x64\release\taupe.obj
c:\users\mizunoha\riderprojects\solaria\solaria\x64\release\solaria.obj
c:\users\mizunoha\riderprojects\solaria\solaria\x64\release\player.obj
c:\users\mizunoha\riderprojects\solaria\solaria\x64\release\platform.obj
c:\users\mizunoha\riderprojects\solaria\solaria\x64\release\pathfinding.obj
c:\users\mizunoha\riderprojects\solaria\solaria\x64\release\node.obj
c:\users\mizunoha\riderprojects\solaria\solaria\x64\release\menu.obj
c:\users\mizunoha\riderprojects\solaria\solaria\x64\release\maploader.obj
c:\users\mizunoha\riderprojects\solaria\x64\release\solaria.exe
c:\users\mizunoha\riderprojects\solaria\x64\release\solaria.pdb
c:\users\mizunoha\riderprojects\solaria\solaria\x64\release\solaria.ipdb
c:\users\mizunoha\riderprojects\solaria\solaria\x64\release\solaria.iobj
c:\users\mizunoha\riderprojects\solaria\solaria\x64\release\solaria.tlog\cl.command.1.tlog
c:\users\mizunoha\riderprojects\solaria\solaria\x64\release\solaria.tlog\cl.items.tlog
c:\users\mizunoha\riderprojects\solaria\solaria\x64\release\solaria.tlog\cl.read.1.tlog
c:\users\mizunoha\riderprojects\solaria\solaria\x64\release\solaria.tlog\cl.write.1.tlog
c:\users\mizunoha\riderprojects\solaria\solaria\x64\release\solaria.tlog\link.command.1.tlog
c:\users\mizunoha\riderprojects\solaria\solaria\x64\release\solaria.tlog\link.read.1.tlog
c:\users\mizunoha\riderprojects\solaria\solaria\x64\release\solaria.tlog\link.secondary.1.tlog
c:\users\mizunoha\riderprojects\solaria\solaria\x64\release\solaria.tlog\link.write.1.tlog
